<?xml version="1.0" encoding="UTF-8"?>
<testsuite name="SampleTest" tests="1" skipped="0" failures="0" errors="0" timestamp="2020-12-18T16:49:02" hostname="DESKTOP-S111MCV" time="0.053">
  <properties/>
  <testcase name="testValidatePalindromeLetter()" classname="SampleTest" time="0.053"/>
  <system-out><![CDATA[]]></system-out>
  <system-err><![CDATA[]]></system-err>
</testsuite>
