<?xml version="1.0" encoding="UTF-8"?>
<testsuite name="SampleTest" tests="2" skipped="0" failures="0" errors="0" timestamp="2020-12-18T16:56:55" hostname="DESKTOP-S111MCV" time="0.051">
  <properties/>
  <testcase name="testValidatePalindromeLetter()" classname="SampleTest" time="0.049"/>
  <testcase name="testValidatePalindromeNumber()" classname="SampleTest" time="0.001"/>
  <system-out><![CDATA[]]></system-out>
  <system-err><![CDATA[]]></system-err>
</testsuite>
