<?xml version="1.0" encoding="UTF-8"?>
<testsuite name="SampleTest" tests="2" skipped="0" failures="0" errors="0" timestamp="2020-12-17T23:56:29" hostname="DESKTOP-S111MCV" time="0.056">
  <properties/>
  <testcase name="testValidatePalindromeLetter()" classname="SampleTest" time="0.054"/>
  <testcase name="testValidatePalindromeNumber()" classname="SampleTest" time="0.001"/>
  <system-out><![CDATA[]]></system-out>
  <system-err><![CDATA[]]></system-err>
</testsuite>
